[debug] [2019-01-27T12:48:37.044Z] ----------------------------------------------------------------------
[debug] [2019-01-27T12:48:37.046Z] Command:       /usr/bin/node /usr/local/bin/firebase serve
[debug] [2019-01-27T12:48:37.046Z] CLI Version:   6.1.2
[debug] [2019-01-27T12:48:37.046Z] Platform:      linux
[debug] [2019-01-27T12:48:37.046Z] Node Version:  v8.15.0
[debug] [2019-01-27T12:48:37.046Z] Time:          Sun Jan 27 2019 18:18:37 GMT+0530 (IST)
[debug] [2019-01-27T12:48:37.046Z] ----------------------------------------------------------------------
[debug] 
[debug] [2019-01-27T12:48:37.053Z] > command requires scopes: ["email","openid","https://www.googleapis.com/auth/cloudplatformprojects.readonly","https://www.googleapis.com/auth/firebase","https://www.googleapis.com/auth/cloud-platform"]
[debug] [2019-01-27T12:48:37.053Z] > authorizing via signed-in user
[debug] [2019-01-27T12:48:37.053Z] [iam] checking project todo-anotheryet for permissions ["firebase.projects.get"]
[debug] [2019-01-27T12:48:37.055Z] >>> HTTP REQUEST POST https://cloudresourcemanager.googleapis.com/v1/projects/todo-anotheryet:testIamPermissions  

[debug] [2019-01-27T12:48:38.530Z] <<< HTTP RESPONSE 200
[debug] [2019-01-27T12:48:38.536Z] >>> HTTP REQUEST GET https://cloudresourcemanager.googleapis.com/v1/projects/todo-anotheryet  
 
[debug] [2019-01-27T12:48:39.939Z] <<< HTTP RESPONSE 200
[info] 
[info] === Serving from '/home/suresh/workspace/anotheryet/todo'...
[info] 
[debug] [2019-01-27T12:48:40.445Z] Error: EACCES: permission denied, mkdir '/usr/local/lib/node_modules/firebase-tools/node_modules/@google-cloud/functions-emulator/logs'
    at Object.fs.mkdirSync (fs.js:885:18)
    at Object.assertLogsPath (/usr/local/lib/node_modules/firebase-tools/node_modules/@google-cloud/functions-emulator/src/emulator/logs.js:65:10)
    at new Controller (/usr/local/lib/node_modules/firebase-tools/node_modules/@google-cloud/functions-emulator/src/cli/controller.js:77:32)
    at FunctionsEmulator.start (/usr/local/lib/node_modules/firebase-tools/lib/functionsEmulator.js:102:23)
    at Object.start (/usr/local/lib/node_modules/firebase-tools/lib/serve/functions.js:7:33)
    at /usr/local/lib/node_modules/firebase-tools/lib/serve/index.js:15:23
    at arrayMap (/usr/local/lib/node_modules/firebase-tools/node_modules/lodash/lodash.js:639:23)
    at Function.map (/usr/local/lib/node_modules/firebase-tools/node_modules/lodash/lodash.js:9556:14)
    at _serve (/usr/local/lib/node_modules/firebase-tools/lib/serve/index.js:13:26)
    at Command.module.exports.Command.description.option.option.option.option.before.action [as _action] (/usr/local/lib/node_modules/firebase-tools/lib/commands/serve.js:55:12)
[error] 
[error] Error: An unexpected error has occurred.
[debug] [2019-01-27T12:49:03.058Z] ----------------------------------------------------------------------
[debug] [2019-01-27T12:49:03.060Z] Command:       /usr/bin/node /usr/local/bin/firebase serve
[debug] [2019-01-27T12:49:03.060Z] CLI Version:   6.1.2
[debug] [2019-01-27T12:49:03.060Z] Platform:      linux
[debug] [2019-01-27T12:49:03.060Z] Node Version:  v8.15.0
[debug] [2019-01-27T12:49:03.060Z] Time:          Sun Jan 27 2019 18:19:03 GMT+0530 (IST)
[debug] [2019-01-27T12:49:03.060Z] ----------------------------------------------------------------------
[debug] 
[debug] [2019-01-27T12:49:03.067Z] > command requires scopes: ["email","openid","https://www.googleapis.com/auth/cloudplatformprojects.readonly","https://www.googleapis.com/auth/firebase","https://www.googleapis.com/auth/cloud-platform"]
[debug] [2019-01-27T12:49:03.068Z] > authorizing via signed-in user
[debug] [2019-01-27T12:49:03.068Z] [iam] checking project todo-anotheryet for permissions ["firebase.projects.get"]
[debug] [2019-01-27T12:49:03.069Z] >>> HTTP REQUEST POST https://cloudresourcemanager.googleapis.com/v1/projects/todo-anotheryet:testIamPermissions  

[debug] [2019-01-27T12:49:04.640Z] <<< HTTP RESPONSE 200
[debug] [2019-01-27T12:49:04.645Z] >>> HTTP REQUEST GET https://cloudresourcemanager.googleapis.com/v1/projects/todo-anotheryet  
 
[debug] [2019-01-27T12:49:06.261Z] <<< HTTP RESPONSE 200
[info] 
[info] === Serving from '/home/suresh/workspace/anotheryet/todo'...
[info] 
[info] i  functions: Preparing to emulate functions.
[debug] [2019-01-27T12:49:06.624Z] Fetching environment
[debug] [2019-01-27T12:49:06.628Z] >>> HTTP REQUEST GET https://mobilesdk-pa.googleapis.com/v1/projects/167274969162:getServerAppConfig  
 
[debug] [2019-01-27T12:49:06.629Z] >>> HTTP REQUEST GET https://mobilesdk-pa.googleapis.com/v1/projects/167274969162/clients/_:getWebAppConfig  
 
[debug] [2019-01-27T12:49:07.079Z] <<< HTTP RESPONSE 200
[debug] [2019-01-27T12:49:07.080Z] Starting @google-cloud/functions-emulator
[debug] [2019-01-27T12:49:07.284Z] <<< HTTP RESPONSE 200
[info] i  hosting: Serving hosting files from: dist
[info] ✔  hosting: Local server: http://localhost:5000
[debug] [2019-01-27T12:49:08.134Z] Parsing function triggers
[info] ✔  functions: waitlist: http://localhost:5001/todo-anotheryet/us-central1/waitlist
